SpeechBrain system description
==============================
Python version:
3.10.13 (main, Sep 11 2023, 13:44:35) [GCC 11.2.0]
==============================
Installed Python packages:
certifi==2023.7.22
cffi==1.16.0
charset-normalizer==3.3.1
cmake==3.27.7
filelock==3.12.4
fsspec==2023.10.0
future==0.18.3
huggingface-hub==0.17.3
HyperPyYAML==0.0.1
idna==3.4
Jinja2==3.1.2
joblib==0.14.1
lit==17.0.3
MarkupSafe==2.1.3
mir-eval==0.7
mpmath==1.3.0
networkx==3.2
numpy==1.26.1
nvidia-cublas-cu11==11.10.3.66
nvidia-cublas-cu12==12.1.3.1
nvidia-cuda-cupti-cu11==11.7.101
nvidia-cuda-cupti-cu12==12.1.105
nvidia-cuda-nvrtc-cu11==11.7.99
nvidia-cuda-nvrtc-cu12==12.1.105
nvidia-cuda-runtime-cu11==11.7.99
nvidia-cuda-runtime-cu12==12.1.105
nvidia-cudnn-cu11==8.5.0.96
nvidia-cudnn-cu12==8.9.2.26
nvidia-cufft-cu11==10.9.0.58
nvidia-cufft-cu12==11.0.2.54
nvidia-curand-cu11==10.2.10.91
nvidia-curand-cu12==10.3.2.106
nvidia-cusolver-cu11==11.4.0.1
nvidia-cusolver-cu12==11.4.5.107
nvidia-cusparse-cu11==11.7.4.91
nvidia-cusparse-cu12==12.1.0.106
nvidia-nccl-cu11==2.14.3
nvidia-nccl-cu12==2.18.1
nvidia-nvjitlink-cu12==12.3.52
nvidia-nvtx-cu11==11.7.91
nvidia-nvtx-cu12==12.1.105
packaging==23.2
pandas==2.1.1
Pillow==10.1.0
pycparser==2.21
python-dateutil==2.8.2
pytorch-triton-rocm==2.1.0
pytz==2023.3.post1
PyYAML==6.0.1
regex==2023.10.3
requests==2.31.0
ruamel.yaml==0.18.2
ruamel.yaml.clib==0.2.8
safetensors==0.4.0
scipy==1.11.3
sentencepiece==0.1.99
six==1.16.0
soundfile==0.12.1
sympy==1.12
tokenizers==0.14.1
torch==2.0.1
torchaudio==2.0.2
torchvision==0.15.2
tqdm==4.66.1
transformers==4.34.1
triton==2.0.0
typing_extensions==4.8.0
tzdata==2023.3
urllib3==2.0.7
==============================
Could not get git revision==============================
CUDA version:
11.7